{"name": "test_sales_module[getData1]", "status": "failed", "statusDetails": {"message": "AssertionError: assert 'Pass' == 'True'\n  - True\n  + Pass", "trace": "self = <tests.test_sales_creation.TestSalesModule object at 0x056172D0>\ngetData = {'customername': None, 'downpayment': 11, 'expected': 'Fail', 'paymentterms': 'Immediate Payment', ...}\n\n    @pytest.mark.order(1)\n    def test_sales_module(self, getData):\n        driver = self.driver\n        driver.get(TestData.BASE_URL)\n        driver.maximize_window()\n    \n        loginpage = LoginPage(driver)\n    \n        homepage = loginpage.do_valid_login(TestData.USERNAME, TestData.PASSWORD)\n        self.logger.info('Logged In Successfully')\n    \n        homepage.click_allapps()\n        salesmodulepage = homepage.select_module()\n        # homepage.select_module()\n        salesorderpage = salesmodulepage.navigate_to_sales_order()\n    \n        salesorderpage.click_create_btn()\n        statusList = salesorderpage.select_customer(getData['customername'])\n        if statusList[0] is not True & statusList[1] is not False:\n            self.logger.info('Customer Not found')\n        else:\n            salesorderpage.select_validity(getData['validity'])\n            salesorderpage.add_product(getData['product1'])\n    \n            salesorderpage.select_payment_terms(getData['paymentterms'])\n            salesorderpage.click_confirm()\n            # time.sleep(10)\n    \n        if salesorderpage.isTitleNew() is False:\n            if getData['expected'] == 'Pass':\n                self.logger.info('Record Created Successfully')\n                salesorderpage.open_sales_list()\n                salesorderpage.click_on_created_order()\n                salesorderpage.click_cancel()\n                salesorderpage.click_actions_and_delete()\n                self.logger.info('Record Deleted Successfully')\n                TestData.write_result('Pass', 'Pass')\n                self.testStatus.append('True')\n            elif getData['expected'] == 'Fail':\n                # This condition executes at application error\n                self.logger.info('Application error')\n                TestData.write_result('Pass', 'Fail')\n                self.testStatus.append('False')\n        elif salesorderpage.isTitleNew() is True:\n            if getData['expected'] == 'Pass':\n                # This condition executes at application error\n                self.logger.info('Application error')\n                TestData.write_result('Fail', 'Fail')\n                self.testStatus.append('False')\n            elif getData['expected'] == 'Fail':\n                self.logger.info('Record creation failed successfully')\n                TestData.write_result('Fail', 'Pass')\n                self.testStatus.append('True')\n        homepage.do_logout()\n        self.logger.info('Logged Out Successfully')\n        print('********************')\n        print(self.testStatus[-1])\n        print('********************')\n>       assert 'Pass' == self.testStatus[-1]\nE       AssertionError: assert 'Pass' == 'True'\nE         - True\nE         + Pass\n\ntests\\test_sales_creation.py:74: AssertionError"}, "attachments": [{"name": "credentials_filled", "source": "778468ec-77a1-4071-9abb-5871cba107a2-attachment.png", "type": "image/png"}, {"name": "successfully_logged_in", "source": "5ce9c137-a513-46f3-8473-4968c0d3b8d6-attachment.png", "type": "image/png"}, {"name": "opened_sales_app", "source": "c9620784-6344-4fed-809d-92a16345ea4e-attachment.png", "type": "image/png"}, {"name": "sales_order_page", "source": "b6208d24-656e-4148-990c-0ba31908ccc0-attachment.png", "type": "image/png"}, {"name": "failed_to_create_order", "source": "cfe5d5a4-04d3-4476-aca7-709c18a27eba-attachment.png", "type": "image/png"}, {"name": "tests/test_sales_creation.py::TestSalesModule::test_sales_module[getData1]", "source": "5166bd1f-e682-4688-9b7b-d94584875ada-attachment.png", "type": "image/png"}, {"name": "log", "source": "d194b6e8-0389-48c4-96cb-9d24b204e861-attachment.txt", "type": "text/plain"}], "parameters": [{"name": "getData", "value": "{'customername': None, 'validity': datetime.datetime(2021, 12, 27, 0, 0), 'product1': 'Laptop', 'product2': 'Headset', 'product3': 'Pendrive', 'paymentterms': 'Immediate Payment', 'downpayment': 11, 'expected': 'Fail'}"}], "start": 1621578456361, "stop": 1621578519096, "uuid": "261f380b-487f-4eb3-9abe-145d36091ba9", "historyId": "02a16de7539f5cd2e98ced3fdafdc22f", "testCaseId": "1e63c2487ade2c5e7039d82648e1820b", "fullName": "tests.test_sales_creation.TestSalesModule#test_sales_module", "labels": [{"name": "tag", "value": "@pytest.mark.usefixtures('setup')"}, {"name": "tag", "value": "order(1)"}, {"name": "parentSuite", "value": "tests"}, {"name": "suite", "value": "test_sales_creation"}, {"name": "subSuite", "value": "TestSalesModule"}, {"name": "host", "value": "DESKTOP-EU8OBTK"}, {"name": "thread", "value": "13080-MainThread"}, {"name": "framework", "value": "pytest"}, {"name": "language", "value": "cpython3"}, {"name": "package", "value": "tests.test_sales_creation"}]}