{"name": "test_sales_module[getData2]", "status": "failed", "statusDetails": {"message": "AssertionError: assert 'True' == 'False'\n  - False\n  + True", "trace": "self = <tests.test_sales_creation.TestSalesModule object at 0x05CB07B0>\ngetData = {'customername': 'Azure', 'downpayment': 12, 'expected': 'Pass', 'paymentterms': 'Immediate Payment', ...}\n\n    @pytest.mark.order(1)\n    def test_sales_module(self, getData):\n        driver = self.driver\n        driver.get(TestData.BASE_URL)\n        driver.maximize_window()\n    \n        loginpage = LoginPage(driver)\n    \n        homepage = loginpage.do_valid_login(TestData.USERNAME, TestData.PASSWORD)\n        self.logger.info('Logged In Successfully')\n    \n        homepage.click_allapps()\n        salesmodulepage = homepage.select_module()\n        # homepage.select_module()\n        salesorderpage = salesmodulepage.navigate_to_sales_order()\n    \n        salesorderpage.click_create_btn()\n        statusList = salesorderpage.select_customer(getData['customername'])\n        if statusList[0] is not True & statusList[1] is not False:\n            self.logger.info('Customer Not found')\n        else:\n            salesorderpage.select_validity(getData['validity'])\n            salesorderpage.add_product(getData['product1'])\n    \n            salesorderpage.select_payment_terms(getData['paymentterms'])\n            salesorderpage.click_confirm()\n            # time.sleep(10)\n    \n        if salesorderpage.isTitleNew() is False:\n            if getData['expected'] == 'Pass':\n                self.logger.info('Record Created Successfully')\n                salesorderpage.open_sales_list()\n                salesorderpage.click_on_created_order()\n                salesorderpage.click_cancel()\n                salesorderpage.click_actions_and_delete()\n                self.logger.info('Record Deleted Successfully')\n                TestData.write_result('Pass', 'Pass')\n                self.testStatus.append('True')\n            elif getData['expected'] == 'Fail':\n                # This condition executes at application error\n                self.logger.info('Application error')\n                TestData.write_result('Pass', 'Fail')\n                self.testStatus.append('False')\n        elif salesorderpage.isTitleNew() is True:\n            if getData['expected'] == 'Pass':\n                # This condition executes at application error\n                self.logger.info('Application error')\n                TestData.write_result('Fail', 'Fail')\n                self.testStatus.append('False')\n            elif getData['expected'] == 'Fail':\n                self.logger.info('Record creation failed successfully')\n                TestData.write_result('Fail', 'Pass')\n                self.testStatus.append('True')\n        homepage.do_logout()\n        self.logger.info('Logged Out Successfully')\n        print('********************')\n        print(self.testStatus[-1])\n        print('********************')\n>       assert 'True' == self.testStatus[-1]\nE       AssertionError: assert 'True' == 'False'\nE         - False\nE         + True\n\ntests\\test_sales_creation.py:74: AssertionError"}, "attachments": [{"name": "credentials_filled", "source": "47806145-7293-42ad-82c6-73552e36ef67-attachment.png", "type": "image/png"}, {"name": "successfully_logged_in", "source": "d4d73873-e6ac-4e1f-b708-4fea237fc8a9-attachment.png", "type": "image/png"}, {"name": "opened_sales_app", "source": "f13466be-424b-47ac-995b-9460d62795c8-attachment.png", "type": "image/png"}, {"name": "sales_order_page", "source": "c14c2ee7-729c-425d-864f-186f2382fbed-attachment.png", "type": "image/png"}, {"name": "tests/test_sales_creation.py::TestSalesModule::test_sales_module[getData2]", "source": "6d208431-92ff-4a3c-a6f6-20222ecf63d7-attachment.png", "type": "image/png"}, {"name": "log", "source": "769ab27d-493a-4519-ac00-2ee618ad2bbc-attachment.txt", "type": "text/plain"}], "parameters": [{"name": "getData", "value": "{'customername': 'Azure', 'validity': datetime.datetime(2021, 12, 28, 0, 0), 'product1': 'Laptop', 'product2': 'Headset', 'product3': 'Pendrive', 'paymentterms': 'Immediate Payment', 'downpayment': 12, 'expected': 'Pass'}"}], "start": 1621578773102, "stop": 1621578817699, "uuid": "60532131-0c5a-446d-9372-c7451153a709", "historyId": "0ff93f0168b34a0f8d8be2adcadcaeb9", "testCaseId": "1e63c2487ade2c5e7039d82648e1820b", "fullName": "tests.test_sales_creation.TestSalesModule#test_sales_module", "labels": [{"name": "tag", "value": "order(1)"}, {"name": "tag", "value": "@pytest.mark.usefixtures('setup')"}, {"name": "parentSuite", "value": "tests"}, {"name": "suite", "value": "test_sales_creation"}, {"name": "subSuite", "value": "TestSalesModule"}, {"name": "host", "value": "DESKTOP-EU8OBTK"}, {"name": "thread", "value": "14012-MainThread"}, {"name": "framework", "value": "pytest"}, {"name": "language", "value": "cpython3"}, {"name": "package", "value": "tests.test_sales_creation"}]}