{"name": "test_sales_module[getData2]", "status": "failed", "statusDetails": {"message": "AssertionError: assert 'True' == 'False'\n  - False\n  + True", "trace": "self = <tests.test_sales_creation.TestSalesModule object at 0x04EA96F0>\ngetData = {'customername': 'Azure', 'downpayment': 12, 'expected': 'Pass', 'paymentterms': 'Immediate Payment', ...}\n\n    @pytest.mark.order(1)\n    def test_sales_module(self, getData):\n        driver = self.driver\n        driver.get(TestData.BASE_URL)\n        driver.maximize_window()\n    \n        loginpage = LoginPage(driver)\n    \n        homepage = loginpage.do_valid_login(TestData.USERNAME, TestData.PASSWORD)\n        self.logger.info('Logged In Successfully')\n    \n        homepage.click_allapps()\n        salesmodulepage = homepage.select_module()\n        # homepage.select_module()\n        salesorderpage = salesmodulepage.navigate_to_sales_order()\n    \n        salesorderpage.click_create_btn()\n        statusList = salesorderpage.select_customer(getData['customername'])\n        if statusList[0] is not True & statusList[1] is not False:\n            self.logger.info('Customer Not found')\n        else:\n            salesorderpage.select_validity(getData['validity'])\n            salesorderpage.add_product(getData['product1'])\n    \n            salesorderpage.select_payment_terms(getData['paymentterms'])\n            salesorderpage.click_confirm()\n            # time.sleep(10)\n    \n        if salesorderpage.isTitleNew() is False:\n            if getData['expected'] == 'Pass':\n                self.logger.info('Record Created Successfully')\n                salesorderpage.open_sales_list()\n                salesorderpage.click_on_created_order()\n                salesorderpage.click_cancel()\n                salesorderpage.click_actions_and_delete()\n                self.logger.info('Record Deleted Successfully')\n                TestData.write_result('Pass', 'Pass')\n                self.testStatus.append('True')\n            elif getData['expected'] == 'Fail':\n                # This condition executes at application error\n                self.logger.info('Application error')\n                TestData.write_result('Pass', 'Fail')\n                self.testStatus.append('False')\n        elif salesorderpage.isTitleNew() is True:\n            if getData['expected'] == 'Pass':\n                # This condition executes at application error\n                self.logger.info('Application error')\n                TestData.write_result('Fail', 'Fail')\n                self.testStatus.append('False')\n            elif getData['expected'] == 'Fail':\n                self.logger.info('Record creation failed successfully')\n                TestData.write_result('Fail', 'Pass')\n                self.testStatus.append('True')\n    \n        print('********************')\n        print(self.testStatus[-1])\n        print('********************')\n>       assert 'True' == self.testStatus[-1]\nE       AssertionError: assert 'True' == 'False'\nE         - False\nE         + True\n\ntests\\test_sales_creation.py:73: AssertionError"}, "attachments": [{"name": "credentials_filled", "source": "3c6d6d7b-29a0-45f7-a870-0268ce95229c-attachment.png", "type": "image/png"}, {"name": "successfully_logged_in", "source": "d00888c6-73ce-4865-b2d6-6cbe470757ae-attachment.png", "type": "image/png"}, {"name": "opened_sales_app", "source": "5587b681-8bb4-44e3-887b-5f56004b9688-attachment.png", "type": "image/png"}, {"name": "sales_order_page", "source": "073b0ef6-a48b-42b8-bcc6-1c9a0390083e-attachment.png", "type": "image/png"}, {"name": "tests/test_sales_creation.py::TestSalesModule::test_sales_module[getData2]", "source": "bb94d505-c4ca-4a06-a636-7943f6640104-attachment.png", "type": "image/png"}, {"name": "log", "source": "9494a8e6-e779-4138-9e89-6fca0156099f-attachment.txt", "type": "text/plain"}], "parameters": [{"name": "getData", "value": "{'customername': 'Azure', 'validity': datetime.datetime(2021, 12, 28, 0, 0), 'product1': 'Laptop', 'product2': 'Headset', 'product3': 'Pendrive', 'paymentterms': 'Immediate Payment', 'downpayment': 12, 'expected': 'Pass'}"}], "start": 1621579213792, "stop": 1621579251999, "uuid": "b721ec14-84dd-4af4-ab58-a786d42c4033", "historyId": "0ff93f0168b34a0f8d8be2adcadcaeb9", "testCaseId": "1e63c2487ade2c5e7039d82648e1820b", "fullName": "tests.test_sales_creation.TestSalesModule#test_sales_module", "labels": [{"name": "tag", "value": "@pytest.mark.usefixtures('setup')"}, {"name": "tag", "value": "order(1)"}, {"name": "parentSuite", "value": "tests"}, {"name": "suite", "value": "test_sales_creation"}, {"name": "subSuite", "value": "TestSalesModule"}, {"name": "host", "value": "DESKTOP-EU8OBTK"}, {"name": "thread", "value": "10560-MainThread"}, {"name": "framework", "value": "pytest"}, {"name": "language", "value": "cpython3"}, {"name": "package", "value": "tests.test_sales_creation"}]}