{"name": "test_sales_module[getData0]", "status": "failed", "statusDetails": {"message": "AssertionError: assert 'Pass' == 'True'\n  - True\n  + Pass", "trace": "self = <tests.test_sales_creation.TestSalesModule object at 0x05684290>\ngetData = {'customername': 'Ram Laptop Distributor', 'downpayment': 11, 'expected': 'Pass', 'paymentterms': 'Immediate Payment', ...}\n\n    @pytest.mark.order(1)\n    def test_sales_module(self, getData):\n        driver = self.driver\n        driver.get(TestData.BASE_URL)\n        driver.maximize_window()\n    \n        loginpage = LoginPage(driver)\n    \n        homepage = loginpage.do_valid_login(TestData.USERNAME, TestData.PASSWORD)\n        self.logger.info('Logged In Successfully')\n    \n        homepage.click_allapps()\n        salesmodulepage = homepage.select_module()\n        # homepage.select_module()\n        salesorderpage = salesmodulepage.navigate_to_sales_order()\n    \n        salesorderpage.click_create_btn()\n        statusList = salesorderpage.select_customer(getData['customername'])\n        if statusList[0] is not True & statusList[1] is not False:\n            self.logger.info('Customer Not found')\n        else:\n            salesorderpage.select_validity(getData['validity'])\n            salesorderpage.add_product(getData['product1'])\n    \n            salesorderpage.select_payment_terms(getData['paymentterms'])\n            salesorderpage.click_confirm()\n            # time.sleep(10)\n    \n        if salesorderpage.isTitleNew() is False:\n            if getData['expected'] == 'Pass':\n                self.logger.info('Record Created Successfully')\n                salesorderpage.open_sales_list()\n                salesorderpage.click_on_created_order()\n                salesorderpage.click_cancel()\n                salesorderpage.click_actions_and_delete()\n                self.logger.info('Record Deleted Successfully')\n                TestData.write_result('Pass', 'Pass')\n                self.testStatus.append('True')\n            elif getData['expected'] == 'Fail':\n                # This condition executes at application error\n                self.logger.info('Application error')\n                TestData.write_result('Pass', 'Fail')\n                self.testStatus.append('False')\n        elif salesorderpage.isTitleNew() is True:\n            if getData['expected'] == 'Pass':\n                # This condition executes at application error\n                self.logger.info('Application error')\n                TestData.write_result('Fail', 'Fail')\n                self.testStatus.append('False')\n            elif getData['expected'] == 'Fail':\n                self.logger.info('Record creation failed successfully')\n                TestData.write_result('Fail', 'Pass')\n                self.testStatus.append('True')\n        homepage.do_logout()\n        self.logger.info('Logged Out Successfully')\n        print('********************')\n        print(self.testStatus[-1])\n        print('********************')\n>       assert 'Pass' == self.testStatus[-1]\nE       AssertionError: assert 'Pass' == 'True'\nE         - True\nE         + Pass\n\ntests\\test_sales_creation.py:74: AssertionError"}, "attachments": [{"name": "credentials_filled", "source": "f690baa4-2250-4b15-a624-572d1d78223a-attachment.png", "type": "image/png"}, {"name": "successfully_logged_in", "source": "31e762e9-6050-4d64-9e93-c5da129838c2-attachment.png", "type": "image/png"}, {"name": "opened_sales_app", "source": "7756f358-da3a-4772-8403-90bcafa6f4dc-attachment.png", "type": "image/png"}, {"name": "sales_order_page", "source": "1dba99f0-ac97-47ca-85fb-abdf3393f4e2-attachment.png", "type": "image/png"}, {"name": "order_created", "source": "e9484004-04dd-40ea-9fd5-79b14bc00e87-attachment.png", "type": "image/png"}, {"name": "tests/test_sales_creation.py::TestSalesModule::test_sales_module[getData0]", "source": "c8f75681-f14a-4f8b-9b67-f1fcd85f88c2-attachment.png", "type": "image/png"}, {"name": "log", "source": "6611d8d5-4cb4-4124-9c0d-e9e5c31a1d7f-attachment.txt", "type": "text/plain"}], "parameters": [{"name": "getData", "value": "{'customername': 'Ram Laptop Distributor', 'validity': datetime.datetime(2021, 12, 27, 0, 0), 'product1': 'Laptop', 'product2': 'Headset', 'product3': 'Pendrive', 'paymentterms': 'Immediate Payment', 'downpayment': 11, 'expected': 'Pass'}"}], "start": 1621578368146, "stop": 1621578452048, "uuid": "f7565aa5-8e12-4872-a483-2b0ac57885bf", "historyId": "af09e822b296e072be660694b33430ea", "testCaseId": "1e63c2487ade2c5e7039d82648e1820b", "fullName": "tests.test_sales_creation.TestSalesModule#test_sales_module", "labels": [{"name": "tag", "value": "@pytest.mark.usefixtures('setup')"}, {"name": "tag", "value": "order(1)"}, {"name": "parentSuite", "value": "tests"}, {"name": "suite", "value": "test_sales_creation"}, {"name": "subSuite", "value": "TestSalesModule"}, {"name": "host", "value": "DESKTOP-EU8OBTK"}, {"name": "thread", "value": "13080-MainThread"}, {"name": "framework", "value": "pytest"}, {"name": "language", "value": "cpython3"}, {"name": "package", "value": "tests.test_sales_creation"}]}